C:\USERS\SBOBOVYC\WORKSPACE\WINHOOKINJECT\VS12\WINHOOKINJECT\INJECTDETOURS\DEBUG\INJECTDETOURS.PCH
C:\USERS\SBOBOVYC\WORKSPACE\WINHOOKINJECT\VS12\WINHOOKINJECT\INJECTDETOURS\DEBUG\STDAFX.OBJ
C:\USERS\SBOBOVYC\WORKSPACE\WINHOOKINJECT\VS12\WINHOOKINJECT\INJECTDETOURS\DEBUG\VC110.PDB
C:\USERS\SBOBOVYC\WORKSPACE\WINHOOKINJECT\VS12\WINHOOKINJECT\INJECTDETOURS\DEBUG\DLLMAIN.OBJ
C:\USERS\SBOBOVYC\WORKSPACE\WINHOOKINJECT\VS12\WINHOOKINJECT\INJECTDETOURS\DEBUG\INJECTDETOURS.OBJ
C:\USERS\SBOBOVYC\WORKSPACE\WINHOOKINJECT\VS12\WINHOOKINJECT\DEBUG\INJECTDETOURS.ILK
C:\USERS\SBOBOVYC\WORKSPACE\WINHOOKINJECT\VS12\WINHOOKINJECT\DEBUG\INJECTDETOURS.DLL
C:\USERS\SBOBOVYC\WORKSPACE\WINHOOKINJECT\VS12\WINHOOKINJECT\DEBUG\INJECTDETOURS.PDB
C:\Users\sbobovyc\workspace\WinHookInject\VS12\WinHookInject\injectDetours\Debug\dllmain.obj
C:\Users\sbobovyc\workspace\WinHookInject\VS12\WinHookInject\injectDetours\Debug\injectDetours.obj
C:\Users\sbobovyc\workspace\WinHookInject\VS12\WinHookInject\injectDetours\Debug\stdafx.obj
C:\Users\sbobovyc\workspace\WinHookInject\VS12\WinHookInject\injectDetours\Debug\cl.command.1.tlog
C:\Users\sbobovyc\workspace\WinHookInject\VS12\WinHookInject\injectDetours\Debug\CL.read.1.tlog
C:\Users\sbobovyc\workspace\WinHookInject\VS12\WinHookInject\injectDetours\Debug\CL.write.1.tlog
C:\Users\sbobovyc\workspace\WinHookInject\VS12\WinHookInject\injectDetours\Debug\link-cvtres.read.1.tlog
C:\Users\sbobovyc\workspace\WinHookInject\VS12\WinHookInject\injectDetours\Debug\link-cvtres.write.1.tlog
C:\Users\sbobovyc\workspace\WinHookInject\VS12\WinHookInject\injectDetours\Debug\link-rc.read.1.tlog
C:\Users\sbobovyc\workspace\WinHookInject\VS12\WinHookInject\injectDetours\Debug\link-rc.write.1.tlog
C:\Users\sbobovyc\workspace\WinHookInject\VS12\WinHookInject\injectDetours\Debug\link.command.1.tlog
C:\Users\sbobovyc\workspace\WinHookInject\VS12\WinHookInject\injectDetours\Debug\link.read.1.tlog
C:\Users\sbobovyc\workspace\WinHookInject\VS12\WinHookInject\injectDetours\Debug\link.write.1.tlog
C:\Users\sbobovyc\workspace\WinHookInject\VS12\WinHookInject\injectDetours\Debug\injectDetours.pch
C:\Users\sbobovyc\workspace\WinHookInject\VS12\WinHookInject\injectDetours\Debug\vc110.idb
C:\Users\sbobovyc\workspace\WinHookInject\VS12\WinHookInject\injectDetours\Debug\vc110.pdb
C:\Users\sbobovyc\workspace\WinHookInject\VS12\WinHookInject\Debug\injectDetours.pdb
C:\Users\sbobovyc\workspace\WinHookInject\VS12\WinHookInject\Debug\injectDetours.dll
C:\Users\sbobovyc\workspace\WinHookInject\VS12\WinHookInject\Debug\injectDetours.ilk
