C:\USERS\SBOBOVYC\WORKSPACE\WINHOOKINJECT\VS12\WINHOOKINJECT\INJECT\DEBUG\INJECT.PCH
C:\USERS\SBOBOVYC\WORKSPACE\WINHOOKINJECT\VS12\WINHOOKINJECT\INJECT\DEBUG\STDAFX.OBJ
C:\USERS\SBOBOVYC\WORKSPACE\WINHOOKINJECT\VS12\WINHOOKINJECT\INJECT\DEBUG\VC110.PDB
C:\USERS\SBOBOVYC\WORKSPACE\WINHOOKINJECT\VS12\WINHOOKINJECT\INJECT\DEBUG\DLLMAIN.OBJ
C:\USERS\SBOBOVYC\WORKSPACE\WINHOOKINJECT\VS12\WINHOOKINJECT\INJECT\DEBUG\INJECT.OBJ
C:\USERS\SBOBOVYC\WORKSPACE\WINHOOKINJECT\VS12\WINHOOKINJECT\DEBUG\INJECT.ILK
C:\USERS\SBOBOVYC\WORKSPACE\WINHOOKINJECT\VS12\WINHOOKINJECT\DEBUG\INJECT.DLL
C:\USERS\SBOBOVYC\WORKSPACE\WINHOOKINJECT\VS12\WINHOOKINJECT\DEBUG\INJECT.PDB
C:\Users\sbobovyc\workspace\WinHookInject\VS12\WinHookInject\inject\Debug\dllmain.obj
C:\Users\sbobovyc\workspace\WinHookInject\VS12\WinHookInject\inject\Debug\inject.obj
C:\Users\sbobovyc\workspace\WinHookInject\VS12\WinHookInject\inject\Debug\stdafx.obj
C:\Users\sbobovyc\workspace\WinHookInject\VS12\WinHookInject\inject\Debug\cl.command.1.tlog
C:\Users\sbobovyc\workspace\WinHookInject\VS12\WinHookInject\inject\Debug\CL.read.1.tlog
C:\Users\sbobovyc\workspace\WinHookInject\VS12\WinHookInject\inject\Debug\CL.write.1.tlog
C:\Users\sbobovyc\workspace\WinHookInject\VS12\WinHookInject\inject\Debug\link-cvtres.read.1.tlog
C:\Users\sbobovyc\workspace\WinHookInject\VS12\WinHookInject\inject\Debug\link-cvtres.write.1.tlog
C:\Users\sbobovyc\workspace\WinHookInject\VS12\WinHookInject\inject\Debug\link-rc.read.1.tlog
C:\Users\sbobovyc\workspace\WinHookInject\VS12\WinHookInject\inject\Debug\link-rc.write.1.tlog
C:\Users\sbobovyc\workspace\WinHookInject\VS12\WinHookInject\inject\Debug\link.command.1.tlog
C:\Users\sbobovyc\workspace\WinHookInject\VS12\WinHookInject\inject\Debug\link.read.1.tlog
C:\Users\sbobovyc\workspace\WinHookInject\VS12\WinHookInject\inject\Debug\link.write.1.tlog
C:\Users\sbobovyc\workspace\WinHookInject\VS12\WinHookInject\inject\Debug\inject.pch
C:\Users\sbobovyc\workspace\WinHookInject\VS12\WinHookInject\inject\Debug\vc110.idb
C:\Users\sbobovyc\workspace\WinHookInject\VS12\WinHookInject\inject\Debug\vc110.pdb
C:\Users\sbobovyc\workspace\WinHookInject\VS12\WinHookInject\Debug\inject.pdb
C:\Users\sbobovyc\workspace\WinHookInject\VS12\WinHookInject\Debug\inject.dll
C:\Users\sbobovyc\workspace\WinHookInject\VS12\WinHookInject\Debug\inject.ilk
