C:\USERS\SBOBOVYC\WORKSPACE\WINHOOKINJECT\VS12\WINHOOKINJECT\HOOKER\DEBUG\HOOKER.OBJ
C:\USERS\SBOBOVYC\WORKSPACE\WINHOOKINJECT\VS12\WINHOOKINJECT\HOOKER\DEBUG\LIBUTILS.OBJ
C:\USERS\SBOBOVYC\WORKSPACE\WINHOOKINJECT\VS12\WINHOOKINJECT\HOOKER\DEBUG\STDAFX.OBJ
C:\USERS\SBOBOVYC\WORKSPACE\WINHOOKINJECT\VS12\WINHOOKINJECT\HOOKER\DEBUG\VC110.PDB
C:\Users\sbobovyc\workspace\WinHookInject\VS12\WinHookInject\Debug\hooker.lib
C:\Users\sbobovyc\workspace\WinHookInject\VS12\WinHookInject\Debug\hooker.exp
C:\USERS\SBOBOVYC\WORKSPACE\WINHOOKINJECT\VS12\WINHOOKINJECT\DEBUG\HOOKER.ILK
C:\USERS\SBOBOVYC\WORKSPACE\WINHOOKINJECT\VS12\WINHOOKINJECT\DEBUG\HOOKER.EXE
C:\USERS\SBOBOVYC\WORKSPACE\WINHOOKINJECT\VS12\WINHOOKINJECT\DEBUG\HOOKER.PDB
C:\Users\sbobovyc\workspace\WinHookInject\VS12\WinHookInject\hooker\Debug\hooker.obj
C:\Users\sbobovyc\workspace\WinHookInject\VS12\WinHookInject\hooker\Debug\libutils.obj
C:\Users\sbobovyc\workspace\WinHookInject\VS12\WinHookInject\hooker\Debug\stdafx.obj
C:\Users\sbobovyc\workspace\WinHookInject\VS12\WinHookInject\hooker\Debug\cl.command.1.tlog
C:\Users\sbobovyc\workspace\WinHookInject\VS12\WinHookInject\hooker\Debug\CL.read.1.tlog
C:\Users\sbobovyc\workspace\WinHookInject\VS12\WinHookInject\hooker\Debug\CL.write.1.tlog
C:\Users\sbobovyc\workspace\WinHookInject\VS12\WinHookInject\hooker\Debug\hooker.write.1.tlog
C:\Users\sbobovyc\workspace\WinHookInject\VS12\WinHookInject\hooker\Debug\link-cvtres.read.1.tlog
C:\Users\sbobovyc\workspace\WinHookInject\VS12\WinHookInject\hooker\Debug\link-cvtres.write.1.tlog
C:\Users\sbobovyc\workspace\WinHookInject\VS12\WinHookInject\hooker\Debug\link-rc.read.1.tlog
C:\Users\sbobovyc\workspace\WinHookInject\VS12\WinHookInject\hooker\Debug\link-rc.write.1.tlog
C:\Users\sbobovyc\workspace\WinHookInject\VS12\WinHookInject\hooker\Debug\link.command.1.tlog
C:\Users\sbobovyc\workspace\WinHookInject\VS12\WinHookInject\hooker\Debug\link.read.1.tlog
C:\Users\sbobovyc\workspace\WinHookInject\VS12\WinHookInject\hooker\Debug\link.write.1.tlog
C:\Users\sbobovyc\workspace\WinHookInject\VS12\WinHookInject\hooker\Debug\vc110.idb
C:\Users\sbobovyc\workspace\WinHookInject\VS12\WinHookInject\hooker\Debug\vc110.pdb
C:\Users\sbobovyc\workspace\WinHookInject\VS12\WinHookInject\Debug\hooker.pdb
C:\Users\sbobovyc\workspace\WinHookInject\VS12\WinHookInject\Debug\hooker.exe
C:\Users\sbobovyc\workspace\WinHookInject\VS12\WinHookInject\Debug\hooker.ilk
